2024-01-28T12:34:01.450+08:00  INFO 9920 --- [main] com.cloud.SpringCloudApplication         : Starting SpringCloudApplication using Java 17.0.8.1 with PID 9920 (C:\workspace-spring\SpringCloud\target\classes started by 段浩恩 in C:\workspace-spring\SpringCloud)
2024-01-28T12:34:01.453+08:00  INFO 9920 --- [main] com.cloud.SpringCloudApplication         : No active profile set, falling back to 1 default profile: "default"
2024-01-28T12:34:02.124+08:00  INFO 9920 --- [main] o.s.cloud.context.scope.GenericScope     : BeanFactory id=d107ae10-85c6-36b1-bec0-b70b04795ba0
2024-01-28T12:34:02.439+08:00  INFO 9920 --- [main] o.s.b.w.embedded.tomcat.TomcatWebServer  : Tomcat initialized with port 8080 (http)
2024-01-28T12:34:02.453+08:00  INFO 9920 --- [main] o.apache.catalina.core.StandardService   : Starting service [Tomcat]
2024-01-28T12:34:02.454+08:00  INFO 9920 --- [main] o.apache.catalina.core.StandardEngine    : Starting Servlet engine: [Apache Tomcat/10.1.18]
2024-01-28T12:34:02.520+08:00  INFO 9920 --- [main] o.a.c.c.C.[Tomcat].[localhost].[/]       : Initializing Spring embedded WebApplicationContext
2024-01-28T12:34:02.521+08:00  INFO 9920 --- [main] w.s.c.ServletWebServerApplicationContext : Root WebApplicationContext: initialization completed in 1016 ms
2024-01-28T12:34:03.131+08:00  INFO 9920 --- [main] o.s.b.w.embedded.tomcat.TomcatWebServer  : Tomcat started on port 8080 (http) with context path ''
2024-01-28T12:34:03.183+08:00  INFO 9920 --- [main] com.cloud.SpringCloudApplication         : Started SpringCloudApplication in 2.249 seconds (process running for 2.93)
2024-01-28T12:34:07.389+08:00  INFO 9920 --- [http-nio-8080-exec-1] o.a.c.c.C.[Tomcat].[localhost].[/]       : Initializing Spring DispatcherServlet 'dispatcherServlet'
2024-01-28T12:34:07.389+08:00  INFO 9920 --- [http-nio-8080-exec-1] o.s.web.servlet.DispatcherServlet        : Initializing Servlet 'dispatcherServlet'
2024-01-28T12:34:07.390+08:00  INFO 9920 --- [http-nio-8080-exec-1] o.s.web.servlet.DispatcherServlet        : Completed initialization in 1 ms
2024-01-28T12:36:36.097+08:00  INFO 9920 --- [RMI TCP Connection(5)-127.0.0.1] inMXBeanRegistrar$SpringApplicationAdmin : Application shutdown requested.
2024-01-28T12:37:50.654+08:00  INFO 16824 --- [main] com.cloud.SpringCloudApplication         : Starting SpringCloudApplication using Java 17.0.8.1 with PID 16824 (C:\workspace-spring\SpringCloud\target\classes started by 段浩恩 in C:\workspace-spring\SpringCloud)
2024-01-28T12:37:50.657+08:00  INFO 16824 --- [main] com.cloud.SpringCloudApplication         : No active profile set, falling back to 1 default profile: "default"
2024-01-28T12:37:51.274+08:00  INFO 16824 --- [main] o.s.cloud.context.scope.GenericScope     : BeanFactory id=d107ae10-85c6-36b1-bec0-b70b04795ba0
2024-01-28T12:37:51.554+08:00  INFO 16824 --- [main] o.s.b.w.embedded.tomcat.TomcatWebServer  : Tomcat initialized with port 8080 (http)
2024-01-28T12:37:51.567+08:00  INFO 16824 --- [main] o.apache.catalina.core.StandardService   : Starting service [Tomcat]
2024-01-28T12:37:51.568+08:00  INFO 16824 --- [main] o.apache.catalina.core.StandardEngine    : Starting Servlet engine: [Apache Tomcat/10.1.18]
2024-01-28T12:37:51.632+08:00  INFO 16824 --- [main] o.a.c.c.C.[Tomcat].[localhost].[/]       : Initializing Spring embedded WebApplicationContext
2024-01-28T12:37:51.632+08:00  INFO 16824 --- [main] w.s.c.ServletWebServerApplicationContext : Root WebApplicationContext: initialization completed in 924 ms
2024-01-28T12:37:52.237+08:00  INFO 16824 --- [main] o.s.b.w.embedded.tomcat.TomcatWebServer  : Tomcat started on port 8080 (http) with context path ''
2024-01-28T12:37:52.289+08:00  INFO 16824 --- [main] com.cloud.SpringCloudApplication         : Started SpringCloudApplication in 2.162 seconds (process running for 2.858)
2024-01-28T12:37:59.099+08:00  INFO 16824 --- [http-nio-8080-exec-1] o.a.c.c.C.[Tomcat].[localhost].[/]       : Initializing Spring DispatcherServlet 'dispatcherServlet'
2024-01-28T12:37:59.099+08:00  INFO 16824 --- [http-nio-8080-exec-1] o.s.web.servlet.DispatcherServlet        : Initializing Servlet 'dispatcherServlet'
2024-01-28T12:37:59.101+08:00  INFO 16824 --- [http-nio-8080-exec-1] o.s.web.servlet.DispatcherServlet        : Completed initialization in 2 ms
2024-01-28T12:38:58.008+08:00  INFO 16824 --- [RMI TCP Connection(3)-127.0.0.1] inMXBeanRegistrar$SpringApplicationAdmin : Application shutdown requested.
2024-01-28T12:39:04.417+08:00  INFO 7896 --- [main] com.cloud.SpringCloudApplication         : Starting SpringCloudApplication using Java 17.0.8.1 with PID 7896 (C:\workspace-spring\SpringCloud\target\classes started by 段浩恩 in C:\workspace-spring\SpringCloud)
2024-01-28T12:39:04.420+08:00  INFO 7896 --- [main] com.cloud.SpringCloudApplication         : No active profile set, falling back to 1 default profile: "default"
2024-01-28T12:39:05.053+08:00  INFO 7896 --- [main] o.s.cloud.context.scope.GenericScope     : BeanFactory id=d107ae10-85c6-36b1-bec0-b70b04795ba0
2024-01-28T12:39:05.335+08:00  INFO 7896 --- [main] o.s.b.w.embedded.tomcat.TomcatWebServer  : Tomcat initialized with port 8080 (http)
2024-01-28T12:39:05.348+08:00  INFO 7896 --- [main] o.apache.catalina.core.StandardService   : Starting service [Tomcat]
2024-01-28T12:39:05.349+08:00  INFO 7896 --- [main] o.apache.catalina.core.StandardEngine    : Starting Servlet engine: [Apache Tomcat/10.1.18]
2024-01-28T12:39:05.411+08:00  INFO 7896 --- [main] o.a.c.c.C.[Tomcat].[localhost].[/]       : Initializing Spring embedded WebApplicationContext
2024-01-28T12:39:05.411+08:00  INFO 7896 --- [main] w.s.c.ServletWebServerApplicationContext : Root WebApplicationContext: initialization completed in 945 ms
2024-01-28T12:39:06.030+08:00  INFO 7896 --- [main] o.s.b.w.embedded.tomcat.TomcatWebServer  : Tomcat started on port 8080 (http) with context path ''
2024-01-28T12:39:06.081+08:00  INFO 7896 --- [main] com.cloud.SpringCloudApplication         : Started SpringCloudApplication in 2.185 seconds (process running for 2.867)
2024-01-28T12:39:10.366+08:00  INFO 7896 --- [http-nio-8080-exec-1] o.a.c.c.C.[Tomcat].[localhost].[/]       : Initializing Spring DispatcherServlet 'dispatcherServlet'
2024-01-28T12:39:10.366+08:00  INFO 7896 --- [http-nio-8080-exec-1] o.s.web.servlet.DispatcherServlet        : Initializing Servlet 'dispatcherServlet'
2024-01-28T12:39:10.367+08:00  INFO 7896 --- [http-nio-8080-exec-1] o.s.web.servlet.DispatcherServlet        : Completed initialization in 0 ms
2024-01-28T12:41:48.423+08:00  INFO 7896 --- [RMI TCP Connection(6)-127.0.0.1] inMXBeanRegistrar$SpringApplicationAdmin : Application shutdown requested.
2024-01-28T12:42:02.784+08:00  INFO 24304 --- [main] com.cloud.SpringCloudApplication         : Starting SpringCloudApplication using Java 17.0.8.1 with PID 24304 (C:\workspace-spring\SpringCloud\target\classes started by 段浩恩 in C:\workspace-spring\SpringCloud)
2024-01-28T12:42:02.787+08:00  INFO 24304 --- [main] com.cloud.SpringCloudApplication         : No active profile set, falling back to 1 default profile: "default"
2024-01-28T12:42:03.398+08:00  INFO 24304 --- [main] o.s.cloud.context.scope.GenericScope     : BeanFactory id=d107ae10-85c6-36b1-bec0-b70b04795ba0
2024-01-28T12:42:03.683+08:00  INFO 24304 --- [main] o.s.b.w.embedded.tomcat.TomcatWebServer  : Tomcat initialized with port 8080 (http)
2024-01-28T12:42:03.695+08:00  INFO 24304 --- [main] o.apache.catalina.core.StandardService   : Starting service [Tomcat]
2024-01-28T12:42:03.695+08:00  INFO 24304 --- [main] o.apache.catalina.core.StandardEngine    : Starting Servlet engine: [Apache Tomcat/10.1.18]
2024-01-28T12:42:03.758+08:00  INFO 24304 --- [main] o.a.c.c.C.[Tomcat].[localhost].[/]       : Initializing Spring embedded WebApplicationContext
2024-01-28T12:42:03.758+08:00  INFO 24304 --- [main] w.s.c.ServletWebServerApplicationContext : Root WebApplicationContext: initialization completed in 924 ms
2024-01-28T12:42:04.366+08:00  INFO 24304 --- [main] o.s.b.w.embedded.tomcat.TomcatWebServer  : Tomcat started on port 8080 (http) with context path ''
2024-01-28T12:42:04.417+08:00  INFO 24304 --- [main] com.cloud.SpringCloudApplication         : Started SpringCloudApplication in 2.123 seconds (process running for 2.781)
2024-01-28T12:42:14.600+08:00  INFO 24304 --- [http-nio-8080-exec-1] o.a.c.c.C.[Tomcat].[localhost].[/]       : Initializing Spring DispatcherServlet 'dispatcherServlet'
2024-01-28T12:42:14.600+08:00  INFO 24304 --- [http-nio-8080-exec-1] o.s.web.servlet.DispatcherServlet        : Initializing Servlet 'dispatcherServlet'
2024-01-28T12:42:14.601+08:00  INFO 24304 --- [http-nio-8080-exec-1] o.s.web.servlet.DispatcherServlet        : Completed initialization in 1 ms
2024-01-28T12:43:26.859+08:00  INFO 24304 --- [RMI TCP Connection(5)-127.0.0.1] inMXBeanRegistrar$SpringApplicationAdmin : Application shutdown requested.
2024-01-28T12:43:49.749+08:00  INFO 24688 --- [main] com.cloud.SpringCloudApplication         : Starting SpringCloudApplication using Java 17.0.8.1 with PID 24688 (C:\workspace-spring\SpringCloud\target\classes started by 段浩恩 in C:\workspace-spring\SpringCloud)
2024-01-28T12:43:49.753+08:00  INFO 24688 --- [main] com.cloud.SpringCloudApplication         : No active profile set, falling back to 1 default profile: "default"
2024-01-28T12:43:50.359+08:00  INFO 24688 --- [main] o.s.cloud.context.scope.GenericScope     : BeanFactory id=d107ae10-85c6-36b1-bec0-b70b04795ba0
2024-01-28T12:43:50.639+08:00  INFO 24688 --- [main] o.s.b.w.embedded.tomcat.TomcatWebServer  : Tomcat initialized with port 8080 (http)
2024-01-28T12:43:50.652+08:00  INFO 24688 --- [main] o.apache.catalina.core.StandardService   : Starting service [Tomcat]
2024-01-28T12:43:50.652+08:00  INFO 24688 --- [main] o.apache.catalina.core.StandardEngine    : Starting Servlet engine: [Apache Tomcat/10.1.18]
2024-01-28T12:43:50.716+08:00  INFO 24688 --- [main] o.a.c.c.C.[Tomcat].[localhost].[/]       : Initializing Spring embedded WebApplicationContext
2024-01-28T12:43:50.716+08:00  INFO 24688 --- [main] w.s.c.ServletWebServerApplicationContext : Root WebApplicationContext: initialization completed in 915 ms
2024-01-28T12:43:51.314+08:00  INFO 24688 --- [main] o.s.b.w.embedded.tomcat.TomcatWebServer  : Tomcat started on port 8080 (http) with context path ''
2024-01-28T12:43:51.364+08:00  INFO 24688 --- [main] com.cloud.SpringCloudApplication         : Started SpringCloudApplication in 2.124 seconds (process running for 2.804)
2024-01-28T12:43:54.843+08:00  INFO 24688 --- [http-nio-8080-exec-1] o.a.c.c.C.[Tomcat].[localhost].[/]       : Initializing Spring DispatcherServlet 'dispatcherServlet'
2024-01-28T12:43:54.843+08:00  INFO 24688 --- [http-nio-8080-exec-1] o.s.web.servlet.DispatcherServlet        : Initializing Servlet 'dispatcherServlet'
2024-01-28T12:43:54.845+08:00  INFO 24688 --- [http-nio-8080-exec-1] o.s.web.servlet.DispatcherServlet        : Completed initialization in 2 ms
2024-01-28T12:44:29.503+08:00  INFO 24688 --- [RMI TCP Connection(3)-127.0.0.1] inMXBeanRegistrar$SpringApplicationAdmin : Application shutdown requested.
2024-01-28T12:44:40.204+08:00  INFO 20312 --- [main] com.cloud.SpringCloudApplication         : Starting SpringCloudApplication using Java 17.0.8.1 with PID 20312 (C:\workspace-spring\SpringCloud\target\classes started by 段浩恩 in C:\workspace-spring\SpringCloud)
2024-01-28T12:44:40.207+08:00  INFO 20312 --- [main] com.cloud.SpringCloudApplication         : No active profile set, falling back to 1 default profile: "default"
2024-01-28T12:44:40.925+08:00  INFO 20312 --- [main] o.s.cloud.context.scope.GenericScope     : BeanFactory id=d107ae10-85c6-36b1-bec0-b70b04795ba0
2024-01-28T12:44:41.207+08:00  INFO 20312 --- [main] o.s.b.w.embedded.tomcat.TomcatWebServer  : Tomcat initialized with port 8080 (http)
2024-01-28T12:44:41.221+08:00  INFO 20312 --- [main] o.apache.catalina.core.StandardService   : Starting service [Tomcat]
2024-01-28T12:44:41.221+08:00  INFO 20312 --- [main] o.apache.catalina.core.StandardEngine    : Starting Servlet engine: [Apache Tomcat/10.1.18]
2024-01-28T12:44:41.287+08:00  INFO 20312 --- [main] o.a.c.c.C.[Tomcat].[localhost].[/]       : Initializing Spring embedded WebApplicationContext
2024-01-28T12:44:41.288+08:00  INFO 20312 --- [main] w.s.c.ServletWebServerApplicationContext : Root WebApplicationContext: initialization completed in 1027 ms
2024-01-28T12:44:41.959+08:00  INFO 20312 --- [main] o.s.b.w.embedded.tomcat.TomcatWebServer  : Tomcat started on port 8080 (http) with context path ''
2024-01-28T12:44:42.014+08:00  INFO 20312 --- [main] com.cloud.SpringCloudApplication         : Started SpringCloudApplication in 2.371 seconds (process running for 3.084)
2024-01-28T12:44:49.871+08:00  INFO 20312 --- [http-nio-8080-exec-1] o.a.c.c.C.[Tomcat].[localhost].[/]       : Initializing Spring DispatcherServlet 'dispatcherServlet'
2024-01-28T12:44:49.871+08:00  INFO 20312 --- [http-nio-8080-exec-1] o.s.web.servlet.DispatcherServlet        : Initializing Servlet 'dispatcherServlet'
2024-01-28T12:44:49.872+08:00  INFO 20312 --- [http-nio-8080-exec-1] o.s.web.servlet.DispatcherServlet        : Completed initialization in 0 ms
2024-01-28T12:49:16.566+08:00  INFO 20312 --- [RMI TCP Connection(8)-127.0.0.1] inMXBeanRegistrar$SpringApplicationAdmin : Application shutdown requested.
2024-01-28T12:49:23.534+08:00  INFO 7640 --- [main] com.cloud.SpringCloudApplication         : Starting SpringCloudApplication using Java 17.0.8.1 with PID 7640 (C:\workspace-spring\SpringCloud\target\classes started by 段浩恩 in C:\workspace-spring\SpringCloud)
2024-01-28T12:49:23.537+08:00  INFO 7640 --- [main] com.cloud.SpringCloudApplication         : No active profile set, falling back to 1 default profile: "default"
2024-01-28T12:49:24.460+08:00  INFO 7640 --- [main] o.s.cloud.context.scope.GenericScope     : BeanFactory id=93b3c4d4-172e-3931-8740-b05a142b71cf
2024-01-28T12:49:24.769+08:00  INFO 7640 --- [main] o.s.b.w.embedded.tomcat.TomcatWebServer  : Tomcat initialized with port 8080 (http)
2024-01-28T12:49:24.783+08:00  INFO 7640 --- [main] o.apache.catalina.core.StandardService   : Starting service [Tomcat]
2024-01-28T12:49:24.783+08:00  INFO 7640 --- [main] o.apache.catalina.core.StandardEngine    : Starting Servlet engine: [Apache Tomcat/10.1.18]
2024-01-28T12:49:24.855+08:00  INFO 7640 --- [main] o.a.c.c.C.[Tomcat].[localhost].[/]       : Initializing Spring embedded WebApplicationContext
2024-01-28T12:49:24.855+08:00  INFO 7640 --- [main] w.s.c.ServletWebServerApplicationContext : Root WebApplicationContext: initialization completed in 1267 ms
2024-01-28T12:49:25.025+08:00  WARN 7640 --- [main] ConfigServletWebServerApplicationContext : Exception encountered during context initialization - cancelling refresh attempt: org.springframework.beans.factory.BeanCreationException: Error creating bean with name 'org.springframework.cloud.gateway.config.GatewayClassPathWarningAutoConfiguration$SpringMvcFoundOnClasspathConfiguration': Failed to instantiate [org.springframework.cloud.gateway.config.GatewayClassPathWarningAutoConfiguration$SpringMvcFoundOnClasspathConfiguration]: Constructor threw exception
2024-01-28T12:49:25.028+08:00  INFO 7640 --- [main] o.apache.catalina.core.StandardService   : Stopping service [Tomcat]
2024-01-28T12:49:25.045+08:00  INFO 7640 --- [main] .s.b.a.l.ConditionEvaluationReportLogger : 

Error starting ApplicationContext. To display the condition evaluation report re-run your application with 'debug' enabled.
2024-01-28T12:49:25.068+08:00 ERROR 7640 --- [main] o.s.b.d.LoggingFailureAnalysisReporter   : 

***************************
APPLICATION FAILED TO START
***************************

Description:

Spring MVC found on classpath, which is incompatible with Spring Cloud Gateway.

Action:

Please set spring.main.web-application-type=reactive or remove spring-boot-starter-web dependency.

2024-01-28T12:49:48.288+08:00  INFO 19188 --- [main] com.cloud.SpringCloudApplication         : Starting SpringCloudApplication using Java 17.0.8.1 with PID 19188 (C:\workspace-spring\SpringCloud\target\classes started by 段浩恩 in C:\workspace-spring\SpringCloud)
2024-01-28T12:49:48.291+08:00  INFO 19188 --- [main] com.cloud.SpringCloudApplication         : No active profile set, falling back to 1 default profile: "default"
2024-01-28T12:49:49.076+08:00  INFO 19188 --- [main] o.s.cloud.context.scope.GenericScope     : BeanFactory id=69e3bd09-4187-3a2f-92e6-65a9f790b5b8
2024-01-28T12:49:49.386+08:00  INFO 19188 --- [main] o.s.b.w.embedded.tomcat.TomcatWebServer  : Tomcat initialized with port 8080 (http)
2024-01-28T12:49:49.400+08:00  INFO 19188 --- [main] o.apache.catalina.core.StandardService   : Starting service [Tomcat]
2024-01-28T12:49:49.400+08:00  INFO 19188 --- [main] o.apache.catalina.core.StandardEngine    : Starting Servlet engine: [Apache Tomcat/10.1.18]
2024-01-28T12:49:49.471+08:00  INFO 19188 --- [main] o.a.c.c.C.[Tomcat].[localhost].[/]       : Initializing Spring embedded WebApplicationContext
2024-01-28T12:49:49.472+08:00  INFO 19188 --- [main] w.s.c.ServletWebServerApplicationContext : Root WebApplicationContext: initialization completed in 1134 ms
2024-01-28T12:49:49.615+08:00  WARN 19188 --- [main] ConfigServletWebServerApplicationContext : Exception encountered during context initialization - cancelling refresh attempt: org.springframework.beans.factory.BeanCreationException: Error creating bean with name 'org.springframework.cloud.gateway.config.GatewayClassPathWarningAutoConfiguration$SpringMvcFoundOnClasspathConfiguration': Failed to instantiate [org.springframework.cloud.gateway.config.GatewayClassPathWarningAutoConfiguration$SpringMvcFoundOnClasspathConfiguration]: Constructor threw exception
2024-01-28T12:49:49.618+08:00  INFO 19188 --- [main] o.apache.catalina.core.StandardService   : Stopping service [Tomcat]
2024-01-28T12:49:49.642+08:00  INFO 19188 --- [main] .s.b.a.l.ConditionEvaluationReportLogger : 

Error starting ApplicationContext. To display the condition evaluation report re-run your application with 'debug' enabled.
2024-01-28T12:49:49.661+08:00 ERROR 19188 --- [main] o.s.b.d.LoggingFailureAnalysisReporter   : 

***************************
APPLICATION FAILED TO START
***************************

Description:

Spring MVC found on classpath, which is incompatible with Spring Cloud Gateway.

Action:

Please set spring.main.web-application-type=reactive or remove spring-boot-starter-web dependency.

2024-01-28T12:50:56.593+08:00  INFO 27000 --- [main] com.cloud.SpringCloudApplication         : Starting SpringCloudApplication using Java 17.0.8.1 with PID 27000 (C:\workspace-spring\SpringCloud\target\classes started by 段浩恩 in C:\workspace-spring\SpringCloud)
2024-01-28T12:50:56.596+08:00  INFO 27000 --- [main] com.cloud.SpringCloudApplication         : No active profile set, falling back to 1 default profile: "default"
2024-01-28T12:50:57.377+08:00  INFO 27000 --- [main] o.s.cloud.context.scope.GenericScope     : BeanFactory id=57235794-9a42-394d-be2b-8ad2a06ee4de
2024-01-28T12:50:57.679+08:00  INFO 27000 --- [main] o.s.b.w.embedded.tomcat.TomcatWebServer  : Tomcat initialized with port 8080 (http)
2024-01-28T12:50:57.693+08:00  INFO 27000 --- [main] o.apache.catalina.core.StandardService   : Starting service [Tomcat]
2024-01-28T12:50:57.693+08:00  INFO 27000 --- [main] o.apache.catalina.core.StandardEngine    : Starting Servlet engine: [Apache Tomcat/10.1.18]
2024-01-28T12:50:57.765+08:00  INFO 27000 --- [main] o.a.c.c.C.[Tomcat].[localhost].[/]       : Initializing Spring embedded WebApplicationContext
2024-01-28T12:50:57.766+08:00  INFO 27000 --- [main] w.s.c.ServletWebServerApplicationContext : Root WebApplicationContext: initialization completed in 1120 ms
2024-01-28T12:50:57.900+08:00  WARN 27000 --- [main] ConfigServletWebServerApplicationContext : Exception encountered during context initialization - cancelling refresh attempt: org.springframework.beans.factory.BeanCreationException: Error creating bean with name 'org.springframework.cloud.gateway.config.GatewayClassPathWarningAutoConfiguration$SpringMvcFoundOnClasspathConfiguration': Failed to instantiate [org.springframework.cloud.gateway.config.GatewayClassPathWarningAutoConfiguration$SpringMvcFoundOnClasspathConfiguration]: Constructor threw exception
2024-01-28T12:50:57.903+08:00  INFO 27000 --- [main] o.apache.catalina.core.StandardService   : Stopping service [Tomcat]
2024-01-28T12:50:57.920+08:00  INFO 27000 --- [main] .s.b.a.l.ConditionEvaluationReportLogger : 

Error starting ApplicationContext. To display the condition evaluation report re-run your application with 'debug' enabled.
2024-01-28T12:50:57.938+08:00 ERROR 27000 --- [main] o.s.b.d.LoggingFailureAnalysisReporter   : 

***************************
APPLICATION FAILED TO START
***************************

Description:

Spring MVC found on classpath, which is incompatible with Spring Cloud Gateway.

Action:

Please set spring.main.web-application-type=reactive or remove spring-boot-starter-web dependency.

2024-01-28T12:53:37.507+08:00  INFO 23064 --- [main] com.cloud.SpringCloudApplication         : Starting SpringCloudApplication using Java 17.0.8.1 with PID 23064 (C:\workspace-spring\SpringCloud\target\classes started by 段浩恩 in C:\workspace-spring\SpringCloud)
2024-01-28T12:53:37.510+08:00  INFO 23064 --- [main] com.cloud.SpringCloudApplication         : No active profile set, falling back to 1 default profile: "default"
2024-01-28T12:53:38.199+08:00  INFO 23064 --- [main] o.s.cloud.context.scope.GenericScope     : BeanFactory id=76574b2b-0ddc-3130-bb63-d27482a6bd19
2024-01-28T12:53:38.958+08:00  INFO 23064 --- [main] o.s.c.g.r.RouteDefinitionRouteLocator    : Loaded RoutePredicateFactory [After]
2024-01-28T12:53:38.958+08:00  INFO 23064 --- [main] o.s.c.g.r.RouteDefinitionRouteLocator    : Loaded RoutePredicateFactory [Before]
2024-01-28T12:53:38.959+08:00  INFO 23064 --- [main] o.s.c.g.r.RouteDefinitionRouteLocator    : Loaded RoutePredicateFactory [Between]
2024-01-28T12:53:38.959+08:00  INFO 23064 --- [main] o.s.c.g.r.RouteDefinitionRouteLocator    : Loaded RoutePredicateFactory [Cookie]
2024-01-28T12:53:38.959+08:00  INFO 23064 --- [main] o.s.c.g.r.RouteDefinitionRouteLocator    : Loaded RoutePredicateFactory [Header]
2024-01-28T12:53:38.959+08:00  INFO 23064 --- [main] o.s.c.g.r.RouteDefinitionRouteLocator    : Loaded RoutePredicateFactory [Host]
2024-01-28T12:53:38.959+08:00  INFO 23064 --- [main] o.s.c.g.r.RouteDefinitionRouteLocator    : Loaded RoutePredicateFactory [Method]
2024-01-28T12:53:38.959+08:00  INFO 23064 --- [main] o.s.c.g.r.RouteDefinitionRouteLocator    : Loaded RoutePredicateFactory [Path]
2024-01-28T12:53:38.959+08:00  INFO 23064 --- [main] o.s.c.g.r.RouteDefinitionRouteLocator    : Loaded RoutePredicateFactory [Query]
2024-01-28T12:53:38.959+08:00  INFO 23064 --- [main] o.s.c.g.r.RouteDefinitionRouteLocator    : Loaded RoutePredicateFactory [ReadBody]
2024-01-28T12:53:38.959+08:00  INFO 23064 --- [main] o.s.c.g.r.RouteDefinitionRouteLocator    : Loaded RoutePredicateFactory [RemoteAddr]
2024-01-28T12:53:38.959+08:00  INFO 23064 --- [main] o.s.c.g.r.RouteDefinitionRouteLocator    : Loaded RoutePredicateFactory [XForwardedRemoteAddr]
2024-01-28T12:53:38.959+08:00  INFO 23064 --- [main] o.s.c.g.r.RouteDefinitionRouteLocator    : Loaded RoutePredicateFactory [Weight]
2024-01-28T12:53:38.960+08:00  INFO 23064 --- [main] o.s.c.g.r.RouteDefinitionRouteLocator    : Loaded RoutePredicateFactory [CloudFoundryRouteService]
2024-01-28T12:53:39.409+08:00  INFO 23064 --- [main] o.s.b.web.embedded.netty.NettyWebServer  : Netty started on port 8080
2024-01-28T12:53:39.534+08:00  INFO 23064 --- [main] com.cloud.SpringCloudApplication         : Started SpringCloudApplication in 2.573 seconds (process running for 3.299)
2024-01-28T12:54:11.088+08:00  INFO 23064 --- [RMI TCP Connection(4)-127.0.0.1] inMXBeanRegistrar$SpringApplicationAdmin : Application shutdown requested.
2024-01-28T12:54:11.275+08:00  INFO 23064 --- [RMI TCP Connection(5)-127.0.0.1] inMXBeanRegistrar$SpringApplicationAdmin : Application shutdown requested.
2024-01-28T12:54:11.279+08:00  WARN 23064 --- [RMI TCP Connection(4)-127.0.0.1] o.s.c.support.DefaultLifecycleProcessor  : Failed to stop bean 'reactorResourceFactory'

reactor.core.Exceptions$ReactiveException: java.lang.InterruptedException
	at reactor.core.Exceptions.propagate(Exceptions.java:408) ~[reactor-core-3.6.2.jar:3.6.2]
	at reactor.core.publisher.BlockingSingleSubscriber.blockingGet(BlockingSingleSubscriber.java:95) ~[reactor-core-3.6.2.jar:3.6.2]
	at reactor.core.publisher.Mono.block(Mono.java:1728) ~[reactor-core-3.6.2.jar:3.6.2]
	at org.springframework.http.client.ReactorResourceFactory.stop(ReactorResourceFactory.java:251) ~[spring-web-6.1.3.jar:6.1.3]
	at org.springframework.context.support.DefaultLifecycleProcessor.doStop(DefaultLifecycleProcessor.java:357) ~[spring-context-6.1.3.jar:6.1.3]
	at org.springframework.context.support.DefaultLifecycleProcessor$LifecycleGroup.stop(DefaultLifecycleProcessor.java:483) ~[spring-context-6.1.3.jar:6.1.3]
	at java.base/java.lang.Iterable.forEach(Iterable.java:75) ~[na:na]
	at org.springframework.context.support.DefaultLifecycleProcessor.stopBeans(DefaultLifecycleProcessor.java:313) ~[spring-context-6.1.3.jar:6.1.3]
	at org.springframework.context.support.DefaultLifecycleProcessor.onClose(DefaultLifecycleProcessor.java:214) ~[spring-context-6.1.3.jar:6.1.3]
	at org.springframework.context.support.AbstractApplicationContext.doClose(AbstractApplicationContext.java:1136) ~[spring-context-6.1.3.jar:6.1.3]
	at org.springframework.boot.web.reactive.context.ReactiveWebServerApplicationContext.doClose(ReactiveWebServerApplicationContext.java:149) ~[spring-boot-3.2.2.jar:3.2.2]
	at org.springframework.context.support.AbstractApplicationContext.close(AbstractApplicationContext.java:1090) ~[spring-context-6.1.3.jar:6.1.3]
	at org.springframework.boot.admin.SpringApplicationAdminMXBeanRegistrar$SpringApplicationAdmin.shutdown(SpringApplicationAdminMXBeanRegistrar.java:160) ~[spring-boot-3.2.2.jar:3.2.2]
	at java.base/jdk.internal.reflect.NativeMethodAccessorImpl.invoke0(Native Method) ~[na:na]
	at java.base/jdk.internal.reflect.NativeMethodAccessorImpl.invoke(NativeMethodAccessorImpl.java:77) ~[na:na]
	at java.base/jdk.internal.reflect.DelegatingMethodAccessorImpl.invoke(DelegatingMethodAccessorImpl.java:43) ~[na:na]
	at java.base/java.lang.reflect.Method.invoke(Method.java:568) ~[na:na]
	at sun.reflect.misc.Trampoline.invoke(MethodUtil.java:72) ~[na:na]
	at java.base/jdk.internal.reflect.NativeMethodAccessorImpl.invoke0(Native Method) ~[na:na]
	at java.base/jdk.internal.reflect.NativeMethodAccessorImpl.invoke(NativeMethodAccessorImpl.java:77) ~[na:na]
	at java.base/jdk.internal.reflect.DelegatingMethodAccessorImpl.invoke(DelegatingMethodAccessorImpl.java:43) ~[na:na]
	at java.base/java.lang.reflect.Method.invoke(Method.java:568) ~[na:na]
	at java.base/sun.reflect.misc.MethodUtil.invoke(MethodUtil.java:262) ~[na:na]
	at java.management/com.sun.jmx.mbeanserver.ConvertingMethod.invokeWithOpenReturn(ConvertingMethod.java:193) ~[na:na]
	at java.management/com.sun.jmx.mbeanserver.ConvertingMethod.invokeWithOpenReturn(ConvertingMethod.java:175) ~[na:na]
	at java.management/com.sun.jmx.mbeanserver.MXBeanIntrospector.invokeM2(MXBeanIntrospector.java:117) ~[na:na]
	at java.management/com.sun.jmx.mbeanserver.MXBeanIntrospector.invokeM2(MXBeanIntrospector.java:54) ~[na:na]
	at java.management/com.sun.jmx.mbeanserver.MBeanIntrospector.invokeM(MBeanIntrospector.java:237) ~[na:na]
	at java.management/com.sun.jmx.mbeanserver.PerInterface.invoke(PerInterface.java:138) ~[na:na]
	at java.management/com.sun.jmx.mbeanserver.MBeanSupport.invoke(MBeanSupport.java:252) ~[na:na]
	at java.management/com.sun.jmx.interceptor.DefaultMBeanServerInterceptor.invoke(DefaultMBeanServerInterceptor.java:814) ~[na:na]
	at java.management/com.sun.jmx.mbeanserver.JmxMBeanServer.invoke(JmxMBeanServer.java:802) ~[na:na]
	at java.management.rmi/javax.management.remote.rmi.RMIConnectionImpl.doOperation(RMIConnectionImpl.java:1472) ~[na:na]
	at java.management.rmi/javax.management.remote.rmi.RMIConnectionImpl$PrivilegedOperation.run(RMIConnectionImpl.java:1310) ~[na:na]
	at java.management.rmi/javax.management.remote.rmi.RMIConnectionImpl.doPrivilegedOperation(RMIConnectionImpl.java:1405) ~[na:na]
	at java.management.rmi/javax.management.remote.rmi.RMIConnectionImpl.invoke(RMIConnectionImpl.java:829) ~[na:na]
	at java.base/jdk.internal.reflect.NativeMethodAccessorImpl.invoke0(Native Method) ~[na:na]
	at java.base/jdk.internal.reflect.NativeMethodAccessorImpl.invoke(NativeMethodAccessorImpl.java:77) ~[na:na]
	at java.base/jdk.internal.reflect.DelegatingMethodAccessorImpl.invoke(DelegatingMethodAccessorImpl.java:43) ~[na:na]
	at java.base/java.lang.reflect.Method.invoke(Method.java:568) ~[na:na]
	at java.rmi/sun.rmi.server.UnicastServerRef.dispatch(UnicastServerRef.java:360) ~[na:na]
	at java.rmi/sun.rmi.transport.Transport$1.run(Transport.java:200) ~[na:na]
	at java.rmi/sun.rmi.transport.Transport$1.run(Transport.java:197) ~[na:na]
	at java.base/java.security.AccessController.doPrivileged(AccessController.java:712) ~[na:na]
	at java.rmi/sun.rmi.transport.Transport.serviceCall(Transport.java:196) ~[na:na]
	at java.rmi/sun.rmi.transport.tcp.TCPTransport.handleMessages(TCPTransport.java:587) ~[na:na]
	at java.rmi/sun.rmi.transport.tcp.TCPTransport$ConnectionHandler.run0(TCPTransport.java:828) ~[na:na]
	at java.rmi/sun.rmi.transport.tcp.TCPTransport$ConnectionHandler.lambda$run$0(TCPTransport.java:705) ~[na:na]
	at java.base/java.security.AccessController.doPrivileged(AccessController.java:399) ~[na:na]
	at java.rmi/sun.rmi.transport.tcp.TCPTransport$ConnectionHandler.run(TCPTransport.java:704) ~[na:na]
	at java.base/java.util.concurrent.ThreadPoolExecutor.runWorker(ThreadPoolExecutor.java:1136) ~[na:na]
	at java.base/java.util.concurrent.ThreadPoolExecutor$Worker.run(ThreadPoolExecutor.java:635) ~[na:na]
	at java.base/java.lang.Thread.run(Thread.java:833) ~[na:na]
Caused by: java.lang.InterruptedException: null
	at java.base/java.util.concurrent.locks.AbstractQueuedSynchronizer.acquireSharedInterruptibly(AbstractQueuedSynchronizer.java:1048) ~[na:na]
	at java.base/java.util.concurrent.CountDownLatch.await(CountDownLatch.java:230) ~[na:na]
	at reactor.core.publisher.BlockingSingleSubscriber.blockingGet(BlockingSingleSubscriber.java:90) ~[reactor-core-3.6.2.jar:3.6.2]
	... 51 common frames omitted

